0 silly input [ 'publish' ]
1 silly flags { _: [ 'publish' ], 'reject-cycles': false, rejectCycles: false }
2 verbose rootPath /Users/Fincity/Desktop/fincity/lernaDemo/lerna-monorepo-finisher
3 info version 2.11.0
4 silly isInitialized
5 silly isInitialized true
6 silly existsSync /Users/Fincity/Desktop/fincity/lernaDemo/lerna-monorepo-finisher/VERSION
7 silly initialize attempt
8 info current version 1.0.2
9 silly isDetachedHead
10 silly getCurrentBranch
11 verbose getCurrentBranch master
12 verbose isDetachedHead false
13 silly getCurrentBranch
14 verbose getCurrentBranch master
15 silly getUpdates
16 info Checking for updated packages...
17 silly hasTags
18 verbose hasTags false
19 info Comparing with initial commit.
20 verbose updated @lerna-monorepo/blog
21 verbose updated @lerna-monorepo/shared-ui
22 verbose updated @lerna-monorepo/shop
23 info Checking for prereleased packages...
24 silly collectDependents
25 silly isPackageDependentOf @lerna-monorepo/blog @lerna-monorepo/blog
26 silly isPackageDependentOf @lerna-monorepo/shared-ui @lerna-monorepo/blog
27 silly isPackageDependentOf @lerna-monorepo/blog @lerna-monorepo/shared-ui
28 verbose dependent @lerna-monorepo/blog depends on @lerna-monorepo/shared-ui
29 silly isPackageDependentOf @lerna-monorepo/blog @lerna-monorepo/shop
30 silly isPackageDependentOf @lerna-monorepo/shared-ui @lerna-monorepo/shop
31 silly isPackageDependentOf @lerna-monorepo/shared-ui @lerna-monorepo/blog
32 silly isPackageDependentOf @lerna-monorepo/shared-ui @lerna-monorepo/shared-ui
33 silly isPackageDependentOf @lerna-monorepo/shared-ui @lerna-monorepo/shop
34 silly isPackageDependentOf @lerna-monorepo/shop @lerna-monorepo/blog
35 silly isPackageDependentOf @lerna-monorepo/shared-ui @lerna-monorepo/blog
36 silly isPackageDependentOf @lerna-monorepo/shop @lerna-monorepo/shared-ui
37 verbose dependent @lerna-monorepo/shop depends on @lerna-monorepo/shared-ui
38 silly isPackageDependentOf @lerna-monorepo/shop @lerna-monorepo/shop
39 silly isPackageDependentOf @lerna-monorepo/shared-ui @lerna-monorepo/shop
40 silly collectUpdates
41 verbose has filtered update @lerna-monorepo/blog
42 verbose has filtered update @lerna-monorepo/shared-ui
43 verbose has filtered update @lerna-monorepo/shop
44 silly initialize success
45 silly execute attempt
46 silly addFile /Users/Fincity/Desktop/fincity/lernaDemo/lerna-monorepo-finisher/lerna.json
47 silly runScriptSync preversion lerna-monorepo-finisher
48 silly runScriptSync preversion @lerna-monorepo/blog
49 silly runScriptSync version @lerna-monorepo/blog
50 silly runScriptSync preversion @lerna-monorepo/shared-ui
51 silly runScriptSync version @lerna-monorepo/shared-ui
52 silly runScriptSync preversion @lerna-monorepo/shop
53 silly runScriptSync version @lerna-monorepo/shop
54 silly runScriptSync version lerna-monorepo-finisher
55 silly addFile /Users/Fincity/Desktop/fincity/lernaDemo/lerna-monorepo-finisher/packages/blog/package.json
56 silly addFile /Users/Fincity/Desktop/fincity/lernaDemo/lerna-monorepo-finisher/packages/shared-ui/package.json
57 silly addFile /Users/Fincity/Desktop/fincity/lernaDemo/lerna-monorepo-finisher/packages/shop/package.json
58 silly commit v1.0.3
59 verbose commit [ 'commit', '--no-verify', '-m', 'v1.0.3' ]
60 silly addTag v1.0.3
61 silly runScriptSync postversion @lerna-monorepo/blog
62 silly runScriptSync postversion @lerna-monorepo/shared-ui
63 silly runScriptSync postversion @lerna-monorepo/shop
64 silly runScriptSync postversion lerna-monorepo-finisher
65 info publish Publishing packages to npm...
66 silly existsSync /Users/Fincity/Desktop/fincity/lernaDemo/lerna-monorepo-finisher/packages/blog/scripts/prepublish.js
67 verbose execScript No prepublish script found at /Users/Fincity/Desktop/fincity/lernaDemo/lerna-monorepo-finisher/packages/blog/scripts/prepublish.js
68 silly existsSync /Users/Fincity/Desktop/fincity/lernaDemo/lerna-monorepo-finisher/packages/shared-ui/scripts/prepublish.js
69 verbose execScript No prepublish script found at /Users/Fincity/Desktop/fincity/lernaDemo/lerna-monorepo-finisher/packages/shared-ui/scripts/prepublish.js
70 silly existsSync /Users/Fincity/Desktop/fincity/lernaDemo/lerna-monorepo-finisher/packages/shop/scripts/prepublish.js
71 verbose execScript No prepublish script found at /Users/Fincity/Desktop/fincity/lernaDemo/lerna-monorepo-finisher/packages/shop/scripts/prepublish.js
72 verbose publishing @lerna-monorepo/shared-ui
73 silly publishTaggedInDir latest shared-ui
74 silly getExecOpts {
74 silly getExecOpts   cwd: '/Users/Fincity/Desktop/fincity/lernaDemo/lerna-monorepo-finisher/packages/shared-ui'
74 silly getExecOpts }
75 error publish Retrying failed publish: @lerna-monorepo/shared-ui
76 verbose publish error undefined
77 verbose publishing @lerna-monorepo/shared-ui
78 silly publishTaggedInDir latest shared-ui
79 silly getExecOpts {
79 silly getExecOpts   cwd: '/Users/Fincity/Desktop/fincity/lernaDemo/lerna-monorepo-finisher/packages/shared-ui'
79 silly getExecOpts }
80 error publish Retrying failed publish: @lerna-monorepo/shared-ui
81 verbose publish error undefined
82 verbose publishing @lerna-monorepo/shared-ui
83 silly publishTaggedInDir latest shared-ui
84 silly getExecOpts {
84 silly getExecOpts   cwd: '/Users/Fincity/Desktop/fincity/lernaDemo/lerna-monorepo-finisher/packages/shared-ui'
84 silly getExecOpts }
85 error publish Retrying failed publish: @lerna-monorepo/shared-ui
86 verbose publish error undefined
87 verbose publishing @lerna-monorepo/shared-ui
88 silly publishTaggedInDir latest shared-ui
89 silly getExecOpts {
89 silly getExecOpts   cwd: '/Users/Fincity/Desktop/fincity/lernaDemo/lerna-monorepo-finisher/packages/shared-ui'
89 silly getExecOpts }
90 error publish Retrying failed publish: @lerna-monorepo/shared-ui
91 verbose publish error undefined
92 verbose publishing @lerna-monorepo/shared-ui
93 silly publishTaggedInDir latest shared-ui
94 silly getExecOpts {
94 silly getExecOpts   cwd: '/Users/Fincity/Desktop/fincity/lernaDemo/lerna-monorepo-finisher/packages/shared-ui'
94 silly getExecOpts }
95 error publish Ran out of retries while publishing @lerna-monorepo/shared-ui Error: Command failed: npm publish --tag latest
95 error publish npm notice
95 error publish npm notice 📦  @lerna-monorepo/shared-ui@1.0.3
95 error publish npm notice === Tarball Contents ===
95 error publish npm notice 11.2kB layouts/PrimaryLayout/index.css
95 error publish npm notice 669B   components/Button/index.js
95 error publish npm notice 624B   components/Header/index.js
95 error publish npm notice 111B   components/ItemCard/index.js
95 error publish npm notice 295B   index.js
95 error publish npm notice 788B   layouts/PrimaryLayout/index.js
95 error publish npm notice 122B   theme/index.js
95 error publish npm notice 985B   components/ItemCard/ItemCard.js
95 error publish npm notice 250B   components/ItemCard/ItemCardWrapper.js
95 error publish npm notice 463B   package.json
95 error publish npm notice === Tarball Details ===
95 error publish npm notice name:          @lerna-monorepo/shared-ui
95 error publish npm notice version:       1.0.3
95 error publish npm notice package size:  3.8 kB
95 error publish npm notice unpacked size: 15.6 kB
95 error publish npm notice shasum:        2b1637b1d4476add4c4973c24e3dda39f884ee8a
95 error publish npm notice integrity:     sha512-aXz8fcvlsouNw[...]qVmCTYB0TynwA==
95 error publish npm notice total files:   10
95 error publish npm notice
95 error publish npm ERR! code E404
95 error publish npm ERR! 404 Not Found - PUT https://registry.npmjs.org/@lerna-monorepo%2fshared-ui - Not found
95 error publish npm ERR! 404
95 error publish npm ERR! 404  '@lerna-monorepo/shared-ui@1.0.3' is not in the npm registry.
95 error publish npm ERR! 404 You should bug the author to publish it (or use the name yourself!)
95 error publish npm ERR! 404
95 error publish npm ERR! 404 Note that you can also install from a
95 error publish npm ERR! 404 tarball, folder, http url, or git url.
95 error publish
95 error publish npm ERR! A complete log of this run can be found in:
95 error publish npm ERR!     /Users/Fincity/.npm/_logs/2020-09-24T11_44_00_702Z-debug.log
95 error publish
95 error publish     at /Users/Fincity/Desktop/fincity/lernaDemo/lerna-monorepo-finisher/node_modules/execa/index.js:236:11
95 error publish     at processTicksAndRejections (internal/process/task_queues.js:97:5)
96 error execute callback with error
97 error Error: Command failed: npm publish --tag latest
97 error npm notice
97 error npm notice 📦  @lerna-monorepo/shared-ui@1.0.3
97 error npm notice === Tarball Contents ===
97 error npm notice 11.2kB layouts/PrimaryLayout/index.css
97 error npm notice 669B   components/Button/index.js
97 error npm notice 624B   components/Header/index.js
97 error npm notice 111B   components/ItemCard/index.js
97 error npm notice 295B   index.js
97 error npm notice 788B   layouts/PrimaryLayout/index.js
97 error npm notice 122B   theme/index.js
97 error npm notice 985B   components/ItemCard/ItemCard.js
97 error npm notice 250B   components/ItemCard/ItemCardWrapper.js
97 error npm notice 463B   package.json
97 error npm notice === Tarball Details ===
97 error npm notice name:          @lerna-monorepo/shared-ui
97 error npm notice version:       1.0.3
97 error npm notice package size:  3.8 kB
97 error npm notice unpacked size: 15.6 kB
97 error npm notice shasum:        2b1637b1d4476add4c4973c24e3dda39f884ee8a
97 error npm notice integrity:     sha512-aXz8fcvlsouNw[...]qVmCTYB0TynwA==
97 error npm notice total files:   10
97 error npm notice
97 error npm ERR! code E404
97 error npm ERR! 404 Not Found - PUT https://registry.npmjs.org/@lerna-monorepo%2fshared-ui - Not found
97 error npm ERR! 404
97 error npm ERR! 404  '@lerna-monorepo/shared-ui@1.0.3' is not in the npm registry.
97 error npm ERR! 404 You should bug the author to publish it (or use the name yourself!)
97 error npm ERR! 404
97 error npm ERR! 404 Note that you can also install from a
97 error npm ERR! 404 tarball, folder, http url, or git url.
97 error
97 error npm ERR! A complete log of this run can be found in:
97 error npm ERR!     /Users/Fincity/.npm/_logs/2020-09-24T11_44_00_702Z-debug.log
97 error
97 error     at /Users/Fincity/Desktop/fincity/lernaDemo/lerna-monorepo-finisher/node_modules/execa/index.js:236:11
